<?xml version="1.0" encoding="UTF-8"?>
<!-- Generated by org.testng.reporters.JUnitXMLReporter -->
<testsuite hostname="ASC-5994TT2-PC" ignored="0" name="Test" tests="2" failures="1" timestamp="23 Apr 2019 04:19:35 GMT" time="85.338" errors="0">
  <testcase name="searchPhrase" time="0.912" classname="com.qa.ascendum.test.HomePageTest"/>
  <testcase name="validateHomepage" time="71.621" classname="com.qa.ascendum.test.HomePageTest">
    <failure type="java.lang.AssertionError" message="expected [learningtesting blog] but found [testing blog]">
        <![CDATA[java.lang.AssertionError: expected [learningtesting blog] but found [testing blog]
at com.ascendum.Cantaloupe.base.BaseActions.retrievedSearchResults(BaseActions.java:150)
at com.qa.ascendum.pageActions.HomePageActions.searchData(HomePageActions.java:32)
at com.qa.ascendum.test.HomePageTest.validateHomepage(HomePageTest.java:19)
... Removed 31 stack frames]]>
    </failure>
  </testcase> <!-- validateHomepage -->
</testsuite> <!-- Test -->
